[2022-07-21 12:15:28,171] [INFO] - GoldenEye: Started ViewAllRates
[2022-07-21 12:15:30,323] [INFO] - GoldenEye: Started UpdateRates
[2022-07-21 12:15:30,329] [INFO] - PrivatApi: Started update for: XRate(840=>980): 27.24796
[2022-07-21 12:15:30,329] [DEBUG] - PrivatApi: rate before: XRate(840=>980): 27.24796
[2022-07-21 12:15:30,683] [DEBUG] - PrivatApi: Privat response: [{'ccy': 'USD', 'base_ccy': 'UAH', 'buy': '36.56860', 'sale': '36.90037'}, {'ccy': 'EUR', 'base_ccy': 'UAH', 'buy': '37.33000', 'sale': '37.73585'}, {'ccy': 'RUR', 'base_ccy': 'UAH', 'buy': '0.32000', 'sale': '0.35001'}, {'ccy': 'BTC', 'base_ccy': 'USD', 'buy': '21803.7557', 'sale': '24098.8879'}]
[2022-07-21 12:15:30,688] [DEBUG] - PrivatApi: rate after: XRate(840=>980): 36.90037
[2022-07-21 12:15:30,688] [INFO] - PrivatApi: Finished update for: XRate(840=>980): 36.90037
[2022-07-21 12:15:30,695] [INFO] - CbrApi: Started update for: XRate(840=>643): 64.5925
[2022-07-21 12:15:30,695] [DEBUG] - CbrApi: rate before: XRate(840=>643): 64.5925
[2022-07-21 12:15:30,989] [DEBUG] - CbrApi: response.encoding: utf-8
[2022-07-21 12:15:30,990] [DEBUG] - CbrApi: response.text: [
{ 
"r030":36,"txt":"Австралійський долар","rate":20.183,"cc":"AUD","exchangedate":"21.07.2022"
 }
,{ 
"r030":124,"txt":"Канадський долар","rate":22.7125,"cc":"CAD","exchangedate":"21.07.2022"
 }
,{ 
"r030":156,"txt":"Юань Женьміньбі","rate":4.3309,"cc":"CNY","exchangedate":"21.07.2022"
 }
,{ 
"r030":191,"txt":"Куна","rate":3.9669,"cc":"HRK","exchangedate":"21.07.2022"
 }
,{ 
"r030":203,"txt":"Чеська крона","rate":1.217,"cc":"CZK","exchangedate":"21.07.2022"
 }
,{ 
"r030":208,"txt":"Данська крона","rate":4.0039,"cc":"DKK","exchangedate":"21.07.2022"
 }
,{ 
"r030":344,"txt":"Гонконгівський долар","rate":3.7267,"cc":"HKD","exchangedate":"21.07.2022"
 }
,{ 
"r030":348,"txt":"Форинт","rate":0.07452,"cc":"HUF","exchangedate":"21.07.2022"
 }
,{ 
"r030":356,"txt":"Індійська рупія","rate":0.36547,"cc":"INR","exchangedate":"21.07.2022"
 }
,{ 
"r030":360,"txt":"Рупія","rate":0.0019516,"cc":"IDR","exchangedate":"21.07.2022"
 }
,{ 
"r030":376,"txt":"Новий ізраїльський шекель","rate":8.4797,"cc":"ILS","exchangedate":"21.07.2022"
 }
,{ 
"r030":392,"txt":"Єна","rate":0.21175,"cc":"JPY","exchangedate":"21.07.2022"
 }
,{ 
"r030":398,"txt":"Теньге","rate":0.06075,"cc":"KZT","exchangedate":"21.07.2022"
 }
,{ 
"r030":410,"txt":"Вона","rate":0.022277,"cc":"KRW","exchangedate":"21.07.2022"
 }
,{ 
"r030":484,"txt":"Мексиканське песо","rate":1.4265,"cc":"MXN","exchangedate":"21.07.2022"
 }
,{ 
"r030":498,"txt":"Молдовський лей","rate":1.5147,"cc":"MDL","exchangedate":"21.07.2022"
 }
,{ 
"r030":554,"txt":"Новозеландський долар","rate":18.2755,"cc":"NZD","exchangedate":"21.07.2022"
 }
,{ 
"r030":578,"txt":"Норвезька крона","rate":2.9417,"cc":"NOK","exchangedate":"21.07.2022"
 }
,{ 
"r030":643,"txt":"Російський рубль","rate":0.53041,"cc":"RUB","exchangedate":"21.07.2022"
 }
,{ 
"r030":702,"txt":"Сінгапурський долар","rate":20.9968,"cc":"SGD","exchangedate":"21.07.2022"
 }
,{ 
"r030":710,"txt":"Ренд","rate":1.7136,"cc":"ZAR","exchangedate":"21.07.2022"
 }
,{ 
"r030":752,"txt":"Шведська крона","rate":2.8493,"cc":"SEK","exchangedate":"21.07.2022"
 }
,{ 
"r030":756,"txt":"Швейцарський франк","rate":30.1535,"cc":"CHF","exchangedate":"21.07.2022"
 }
,{ 
"r030":818,"txt":"Єгипетський фунт","rate":1.5451,"cc":"EGP","exchangedate":"21.07.2022"
 }
,{ 
"r030":826,"txt":"Фунт стерлінгів","rate":35.0225,"cc":"GBP","exchangedate":"21.07.2022"
 }
,{ 
"r030":840,"txt":"Долар США","rate":36.5686,"cc":"USD","exchangedate":"21.07.2022"
 }
,{ 
"r030":933,"txt":"Білоруський рубль","rate":10.6335,"cc":"BYN","exchangedate":"21.07.2022"
 }
,{ 
"r030":944,"txt":"Азербайджанський манат","rate":17.2646,"cc":"AZN","exchangedate":"21.07.2022"
 }
,{ 
"r030":946,"txt":"Румунський лей","rate":6.0343,"cc":"RON","exchangedate":"21.07.2022"
 }
,{ 
"r030":949,"txt":"Турецька ліра","rate":1.6627,"cc":"TRY","exchangedate":"21.07.2022"
 }
,{ 
"r030":960,"txt":"СПЗ (спеціальні права запозичення)","rate":38.5042,"cc":"XDR","exchangedate":"21.07.2022"
 }
,{ 
"r030":975,"txt":"Болгарський лев","rate":15.2401,"cc":"BGN","exchangedate":"21.07.2022"
 }
,{ 
"r030":978,"txt":"Євро","rate":29.8064,"cc":"EUR","exchangedate":"21.07.2022"
 }
,{ 
"r030":985,"txt":"Злотий","rate":6.2313,"cc":"PLN","exchangedate":"21.07.2022"
 }
,{ 
"r030":12,"txt":"Алжирський динар","rate":0.19974,"cc":"DZD","exchangedate":"21.07.2022"
 }
,{ 
"r030":50,"txt":"Така","rate":0.31305,"cc":"BDT","exchangedate":"21.07.2022"
 }
,{ 
"r030":51,"txt":"Вірменський драм","rate":0.071842,"cc":"AMD","exchangedate":"21.07.2022"
 }
,{ 
"r030":214,"txt":"Домініканське песо","rate":0.53468,"cc":"DOP","exchangedate":"21.07.2022"
 }
,{ 
"r030":364,"txt":"Іранський ріал","rate":0.00069655,"cc":"IRR","exchangedate":"21.07.2022"
 }
,{ 
"r030":368,"txt":"Іракський динар","rate":0.020038,"cc":"IQD","exchangedate":"21.07.2022"
 }
,{ 
"r030":417,"txt":"Сом","rate":0.36799,"cc":"KGS","exchangedate":"21.07.2022"
 }
,{ 
"r030":422,"txt":"Ліванський фунт","rate":0.019406,"cc":"LBP","exchangedate":"21.07.2022"
 }
,{ 
"r030":434,"txt":"Лівійський динар","rate":6.0549,"cc":"LYD","exchangedate":"21.07.2022"
 }
,{ 
"r030":458,"txt":"Малайзійський ринггіт","rate":6.6357,"cc":"MYR","exchangedate":"21.07.2022"
 }
,{ 
"r030":504,"txt":"Марокканський дирхам","rate":2.8798,"cc":"MAD","exchangedate":"21.07.2022"
 }
,{ 
"r030":586,"txt":"Пакистанська рупія","rate":0.14291,"cc":"PKR","exchangedate":"21.07.2022"
 }
,{ 
"r030":682,"txt":"Саудівський ріял","rate":7.7961,"cc":"SAR","exchangedate":"21.07.2022"
 }
,{ 
"r030":704,"txt":"Донг","rate":0.0012565,"cc":"VND","exchangedate":"21.07.2022"
 }
,{ 
"r030":764,"txt":"Бат","rate":0.82706,"cc":"THB","exchangedate":"21.07.2022"
 }
,{ 
"r030":784,"txt":"Дирхам ОАЕ","rate":7.9649,"cc":"AED","exchangedate":"21.07.2022"
 }
,{ 
"r030":788,"txt":"Туніський динар","rate":9.388,"cc":"TND","exchangedate":"21.07.2022"
 }
,{ 
"r030":860,"txt":"Узбецький сум","rate":0.0026923,"cc":"UZS","exchangedate":"21.07.2022"
 }
,{ 
"r030":901,"txt":"Новий тайванський долар","rate":0.98362,"cc":"TWD","exchangedate":"21.07.2022"
 }
,{ 
"r030":934,"txt":"Туркменський новий манат","rate":8.3585,"cc":"TMT","exchangedate":"21.07.2022"
 }
,{ 
"r030":941,"txt":"Сербський динар","rate":0.25896,"cc":"RSD","exchangedate":"21.07.2022"
 }
,{ 
"r030":972,"txt":"Сомоні","rate":2.7709,"cc":"TJS","exchangedate":"21.07.2022"
 }
,{ 
"r030":981,"txt":"Ларі","rate":9.9931,"cc":"GEL","exchangedate":"21.07.2022"
 }
,{ 
"r030":986,"txt":"Бразильський реал","rate":5.6474,"cc":"BRL","exchangedate":"21.07.2022"
 }
,{ 
"r030":959,"txt":"Золото","rate":49965.03,"cc":"XAU","exchangedate":"21.07.2022"
 }
,{ 
"r030":961,"txt":"Срібло","rate":549.31,"cc":"XAG","exchangedate":"21.07.2022"
 }
,{ 
"r030":962,"txt":"Платина","rate":25645.14,"cc":"XPT","exchangedate":"21.07.2022"
 }
,{ 
"r030":964,"txt":"Паладій","rate":54548.98,"cc":"XPD","exchangedate":"21.07.2022"
 }
]

[2022-07-21 12:15:30,990] [ERROR] - GoldenEye: syntax error: line 1, column 0
Traceback (most recent call last):
  File "/home/andrii/MyProjects/Flask/Practice Flask/Урок 13/013_Samples/controllers.py", line 81, in _update_all
    self._update_rate(rate.from_currency, rate.to_currency)
  File "/home/andrii/MyProjects/Flask/Practice Flask/Урок 13/013_Samples/controllers.py", line 75, in _update_rate
    api.update_rate(from_currency, to_currency)
  File "/home/andrii/MyProjects/Flask/Practice Flask/Урок 13/013_Samples/api/__init__.py", line 18, in update_rate
    module.Api().update_rate(xrate)
  File "/home/andrii/MyProjects/Flask/Practice Flask/Урок 13/013_Samples/api/__init__.py", line 29, in update_rate
    xrate.rate = self._update_rate(xrate)
  File "/home/andrii/MyProjects/Flask/Practice Flask/Урок 13/013_Samples/api/cbr_api.py", line 11, in _update_rate
    rate = self._get_cbr_rate(xrate.from_currency)
  File "/home/andrii/MyProjects/Flask/Practice Flask/Урок 13/013_Samples/api/cbr_api.py", line 19, in _get_cbr_rate
    rate = self._find_rate(response_text, from_currency)
  File "/home/andrii/MyProjects/Flask/Practice Flask/Урок 13/013_Samples/api/cbr_api.py", line 24, in _find_rate
    root = ET.fromstring(response_text)
  File "/usr/lib/python3.8/xml/etree/ElementTree.py", line 1320, in XML
    parser.feed(text)
xml.etree.ElementTree.ParseError: syntax error: line 1, column 0
[2022-07-21 12:15:30,993] [INFO] - PrivatApi: Started update for: XRate(1000=>840): 4234.643
[2022-07-21 12:15:30,993] [DEBUG] - PrivatApi: rate before: XRate(1000=>840): 4234.643
[2022-07-21 12:15:31,286] [DEBUG] - PrivatApi: Privat response: [{'ccy': 'USD', 'base_ccy': 'UAH', 'buy': '36.56860', 'sale': '36.90037'}, {'ccy': 'EUR', 'base_ccy': 'UAH', 'buy': '37.33000', 'sale': '37.73585'}, {'ccy': 'RUR', 'base_ccy': 'UAH', 'buy': '0.32000', 'sale': '0.35001'}, {'ccy': 'BTC', 'base_ccy': 'USD', 'buy': '21803.7557', 'sale': '24098.8879'}]
[2022-07-21 12:15:31,290] [DEBUG] - PrivatApi: rate after: XRate(1000=>840): 24098.8879
[2022-07-21 12:15:31,290] [INFO] - PrivatApi: Finished update for: XRate(1000=>840): 24098.8879
[2022-07-21 12:15:31,293] [INFO] - CryptonatorApi: Started update for: XRate(1000=>980): 104432.97982648
[2022-07-21 12:15:31,294] [DEBUG] - CryptonatorApi: rate before: XRate(1000=>980): 104432.97982648
[2022-07-21 12:15:31,569] [ERROR] - GoldenEye: Expecting value: line 1 column 1 (char 0)
Traceback (most recent call last):
  File "/home/andrii/MyProjects/Flask/Practice Flask/Урок 13/013_Samples/controllers.py", line 81, in _update_all
    self._update_rate(rate.from_currency, rate.to_currency)
  File "/home/andrii/MyProjects/Flask/Practice Flask/Урок 13/013_Samples/controllers.py", line 75, in _update_rate
    api.update_rate(from_currency, to_currency)
  File "/home/andrii/MyProjects/Flask/Practice Flask/Урок 13/013_Samples/api/__init__.py", line 18, in update_rate
    module.Api().update_rate(xrate)
  File "/home/andrii/MyProjects/Flask/Practice Flask/Урок 13/013_Samples/api/__init__.py", line 29, in update_rate
    xrate.rate = self._update_rate(xrate)
  File "/home/andrii/MyProjects/Flask/Practice Flask/Урок 13/013_Samples/api/cryptonator_api.py", line 11, in _update_rate
    rate = self._get_api_rate(xrate.from_currency, xrate.to_currency)
  File "/home/andrii/MyProjects/Flask/Practice Flask/Урок 13/013_Samples/api/cryptonator_api.py", line 26, in _get_api_rate
    response_json = response.json()
  File "/usr/lib/python3/dist-packages/requests/models.py", line 897, in json
    return complexjson.loads(self.text, **kwargs)
  File "/usr/lib/python3/dist-packages/simplejson/__init__.py", line 518, in loads
    return _default_decoder.decode(s)
  File "/usr/lib/python3/dist-packages/simplejson/decoder.py", line 370, in decode
    obj, end = self.raw_decode(s)
  File "/usr/lib/python3/dist-packages/simplejson/decoder.py", line 400, in raw_decode
    return self.scan_once(s, idx=_w(s, idx).end())
simplejson.errors.JSONDecodeError: Expecting value: line 1 column 1 (char 0)
[2022-07-21 12:15:31,572] [INFO] - CryptonatorApi: Started update for: XRate(1000=>643): 260998.00181464
[2022-07-21 12:15:31,572] [DEBUG] - CryptonatorApi: rate before: XRate(1000=>643): 260998.00181464
[2022-07-21 12:15:31,820] [ERROR] - GoldenEye: Expecting value: line 1 column 1 (char 0)
Traceback (most recent call last):
  File "/home/andrii/MyProjects/Flask/Practice Flask/Урок 13/013_Samples/controllers.py", line 81, in _update_all
    self._update_rate(rate.from_currency, rate.to_currency)
  File "/home/andrii/MyProjects/Flask/Practice Flask/Урок 13/013_Samples/controllers.py", line 75, in _update_rate
    api.update_rate(from_currency, to_currency)
  File "/home/andrii/MyProjects/Flask/Practice Flask/Урок 13/013_Samples/api/__init__.py", line 18, in update_rate
    module.Api().update_rate(xrate)
  File "/home/andrii/MyProjects/Flask/Practice Flask/Урок 13/013_Samples/api/__init__.py", line 29, in update_rate
    xrate.rate = self._update_rate(xrate)
  File "/home/andrii/MyProjects/Flask/Practice Flask/Урок 13/013_Samples/api/cryptonator_api.py", line 11, in _update_rate
    rate = self._get_api_rate(xrate.from_currency, xrate.to_currency)
  File "/home/andrii/MyProjects/Flask/Practice Flask/Урок 13/013_Samples/api/cryptonator_api.py", line 26, in _get_api_rate
    response_json = response.json()
  File "/usr/lib/python3/dist-packages/requests/models.py", line 897, in json
    return complexjson.loads(self.text, **kwargs)
  File "/usr/lib/python3/dist-packages/simplejson/__init__.py", line 518, in loads
    return _default_decoder.decode(s)
  File "/usr/lib/python3/dist-packages/simplejson/decoder.py", line 370, in decode
    obj, end = self.raw_decode(s)
  File "/usr/lib/python3/dist-packages/simplejson/decoder.py", line 400, in raw_decode
    return self.scan_once(s, idx=_w(s, idx).end())
simplejson.errors.JSONDecodeError: Expecting value: line 1 column 1 (char 0)
[2022-07-21 12:15:31,829] [INFO] - GoldenEye: Started ViewAllRates
[2022-07-21 12:39:00,505] [INFO] - GoldenEye: Started UpdateRates
[2022-07-21 12:39:00,511] [INFO] - PrivatApi: Started update for: XRate(840=>980): 36.90037
[2022-07-21 12:39:00,511] [DEBUG] - PrivatApi: rate before: XRate(840=>980): 36.90037
[2022-07-21 12:39:01,100] [DEBUG] - PrivatApi: Privat response: [{'ccy': 'USD', 'base_ccy': 'UAH', 'buy': '36.56860', 'sale': '36.90037'}, {'ccy': 'EUR', 'base_ccy': 'UAH', 'buy': '37.33000', 'sale': '37.73585'}, {'ccy': 'RUR', 'base_ccy': 'UAH', 'buy': '0.32000', 'sale': '0.35001'}, {'ccy': 'BTC', 'base_ccy': 'USD', 'buy': '21833.3760', 'sale': '24131.6262'}]
[2022-07-21 12:39:01,105] [DEBUG] - PrivatApi: rate after: XRate(840=>980): 36.90037
[2022-07-21 12:39:01,105] [INFO] - PrivatApi: Finished update for: XRate(840=>980): 36.90037
[2022-07-21 12:39:01,111] [INFO] - CbrApi: Started update for: XRate(840=>643): 64.5925
[2022-07-21 12:39:01,111] [DEBUG] - CbrApi: rate before: XRate(840=>643): 64.5925
[2022-07-21 12:39:01,390] [DEBUG] - CbrApi: response.encoding: utf-8
[2022-07-21 12:39:01,390] [DEBUG] - CbrApi: response.text: [
{ 
"r030":36,"txt":"Австралійський долар","rate":20.183,"cc":"AUD","exchangedate":"21.07.2022"
 }
,{ 
"r030":124,"txt":"Канадський долар","rate":22.7125,"cc":"CAD","exchangedate":"21.07.2022"
 }
,{ 
"r030":156,"txt":"Юань Женьміньбі","rate":4.3309,"cc":"CNY","exchangedate":"21.07.2022"
 }
,{ 
"r030":191,"txt":"Куна","rate":3.9669,"cc":"HRK","exchangedate":"21.07.2022"
 }
,{ 
"r030":203,"txt":"Чеська крона","rate":1.217,"cc":"CZK","exchangedate":"21.07.2022"
 }
,{ 
"r030":208,"txt":"Данська крона","rate":4.0039,"cc":"DKK","exchangedate":"21.07.2022"
 }
,{ 
"r030":344,"txt":"Гонконгівський долар","rate":3.7267,"cc":"HKD","exchangedate":"21.07.2022"
 }
,{ 
"r030":348,"txt":"Форинт","rate":0.07452,"cc":"HUF","exchangedate":"21.07.2022"
 }
,{ 
"r030":356,"txt":"Індійська рупія","rate":0.36547,"cc":"INR","exchangedate":"21.07.2022"
 }
,{ 
"r030":360,"txt":"Рупія","rate":0.0019516,"cc":"IDR","exchangedate":"21.07.2022"
 }
,{ 
"r030":376,"txt":"Новий ізраїльський шекель","rate":8.4797,"cc":"ILS","exchangedate":"21.07.2022"
 }
,{ 
"r030":392,"txt":"Єна","rate":0.21175,"cc":"JPY","exchangedate":"21.07.2022"
 }
,{ 
"r030":398,"txt":"Теньге","rate":0.06075,"cc":"KZT","exchangedate":"21.07.2022"
 }
,{ 
"r030":410,"txt":"Вона","rate":0.022277,"cc":"KRW","exchangedate":"21.07.2022"
 }
,{ 
"r030":484,"txt":"Мексиканське песо","rate":1.4265,"cc":"MXN","exchangedate":"21.07.2022"
 }
,{ 
"r030":498,"txt":"Молдовський лей","rate":1.5147,"cc":"MDL","exchangedate":"21.07.2022"
 }
,{ 
"r030":554,"txt":"Новозеландський долар","rate":18.2755,"cc":"NZD","exchangedate":"21.07.2022"
 }
,{ 
"r030":578,"txt":"Норвезька крона","rate":2.9417,"cc":"NOK","exchangedate":"21.07.2022"
 }
,{ 
"r030":643,"txt":"Російський рубль","rate":0.53041,"cc":"RUB","exchangedate":"21.07.2022"
 }
,{ 
"r030":702,"txt":"Сінгапурський долар","rate":20.9968,"cc":"SGD","exchangedate":"21.07.2022"
 }
,{ 
"r030":710,"txt":"Ренд","rate":1.7136,"cc":"ZAR","exchangedate":"21.07.2022"
 }
,{ 
"r030":752,"txt":"Шведська крона","rate":2.8493,"cc":"SEK","exchangedate":"21.07.2022"
 }
,{ 
"r030":756,"txt":"Швейцарський франк","rate":30.1535,"cc":"CHF","exchangedate":"21.07.2022"
 }
,{ 
"r030":818,"txt":"Єгипетський фунт","rate":1.5451,"cc":"EGP","exchangedate":"21.07.2022"
 }
,{ 
"r030":826,"txt":"Фунт стерлінгів","rate":35.0225,"cc":"GBP","exchangedate":"21.07.2022"
 }
,{ 
"r030":840,"txt":"Долар США","rate":36.5686,"cc":"USD","exchangedate":"21.07.2022"
 }
,{ 
"r030":933,"txt":"Білоруський рубль","rate":10.6335,"cc":"BYN","exchangedate":"21.07.2022"
 }
,{ 
"r030":944,"txt":"Азербайджанський манат","rate":17.2646,"cc":"AZN","exchangedate":"21.07.2022"
 }
,{ 
"r030":946,"txt":"Румунський лей","rate":6.0343,"cc":"RON","exchangedate":"21.07.2022"
 }
,{ 
"r030":949,"txt":"Турецька ліра","rate":1.6627,"cc":"TRY","exchangedate":"21.07.2022"
 }
,{ 
"r030":960,"txt":"СПЗ (спеціальні права запозичення)","rate":38.5042,"cc":"XDR","exchangedate":"21.07.2022"
 }
,{ 
"r030":975,"txt":"Болгарський лев","rate":15.2401,"cc":"BGN","exchangedate":"21.07.2022"
 }
,{ 
"r030":978,"txt":"Євро","rate":29.8064,"cc":"EUR","exchangedate":"21.07.2022"
 }
,{ 
"r030":985,"txt":"Злотий","rate":6.2313,"cc":"PLN","exchangedate":"21.07.2022"
 }
,{ 
"r030":12,"txt":"Алжирський динар","rate":0.19974,"cc":"DZD","exchangedate":"21.07.2022"
 }
,{ 
"r030":50,"txt":"Така","rate":0.31305,"cc":"BDT","exchangedate":"21.07.2022"
 }
,{ 
"r030":51,"txt":"Вірменський драм","rate":0.071842,"cc":"AMD","exchangedate":"21.07.2022"
 }
,{ 
"r030":214,"txt":"Домініканське песо","rate":0.53468,"cc":"DOP","exchangedate":"21.07.2022"
 }
,{ 
"r030":364,"txt":"Іранський ріал","rate":0.00069655,"cc":"IRR","exchangedate":"21.07.2022"
 }
,{ 
"r030":368,"txt":"Іракський динар","rate":0.020038,"cc":"IQD","exchangedate":"21.07.2022"
 }
,{ 
"r030":417,"txt":"Сом","rate":0.36799,"cc":"KGS","exchangedate":"21.07.2022"
 }
,{ 
"r030":422,"txt":"Ліванський фунт","rate":0.019406,"cc":"LBP","exchangedate":"21.07.2022"
 }
,{ 
"r030":434,"txt":"Лівійський динар","rate":6.0549,"cc":"LYD","exchangedate":"21.07.2022"
 }
,{ 
"r030":458,"txt":"Малайзійський ринггіт","rate":6.6357,"cc":"MYR","exchangedate":"21.07.2022"
 }
,{ 
"r030":504,"txt":"Марокканський дирхам","rate":2.8798,"cc":"MAD","exchangedate":"21.07.2022"
 }
,{ 
"r030":586,"txt":"Пакистанська рупія","rate":0.14291,"cc":"PKR","exchangedate":"21.07.2022"
 }
,{ 
"r030":682,"txt":"Саудівський ріял","rate":7.7961,"cc":"SAR","exchangedate":"21.07.2022"
 }
,{ 
"r030":704,"txt":"Донг","rate":0.0012565,"cc":"VND","exchangedate":"21.07.2022"
 }
,{ 
"r030":764,"txt":"Бат","rate":0.82706,"cc":"THB","exchangedate":"21.07.2022"
 }
,{ 
"r030":784,"txt":"Дирхам ОАЕ","rate":7.9649,"cc":"AED","exchangedate":"21.07.2022"
 }
,{ 
"r030":788,"txt":"Туніський динар","rate":9.388,"cc":"TND","exchangedate":"21.07.2022"
 }
,{ 
"r030":860,"txt":"Узбецький сум","rate":0.0026923,"cc":"UZS","exchangedate":"21.07.2022"
 }
,{ 
"r030":901,"txt":"Новий тайванський долар","rate":0.98362,"cc":"TWD","exchangedate":"21.07.2022"
 }
,{ 
"r030":934,"txt":"Туркменський новий манат","rate":8.3585,"cc":"TMT","exchangedate":"21.07.2022"
 }
,{ 
"r030":941,"txt":"Сербський динар","rate":0.25896,"cc":"RSD","exchangedate":"21.07.2022"
 }
,{ 
"r030":972,"txt":"Сомоні","rate":2.7709,"cc":"TJS","exchangedate":"21.07.2022"
 }
,{ 
"r030":981,"txt":"Ларі","rate":9.9931,"cc":"GEL","exchangedate":"21.07.2022"
 }
,{ 
"r030":986,"txt":"Бразильський реал","rate":5.6474,"cc":"BRL","exchangedate":"21.07.2022"
 }
,{ 
"r030":959,"txt":"Золото","rate":49965.03,"cc":"XAU","exchangedate":"21.07.2022"
 }
,{ 
"r030":961,"txt":"Срібло","rate":549.31,"cc":"XAG","exchangedate":"21.07.2022"
 }
,{ 
"r030":962,"txt":"Платина","rate":25645.14,"cc":"XPT","exchangedate":"21.07.2022"
 }
,{ 
"r030":964,"txt":"Паладій","rate":54548.98,"cc":"XPD","exchangedate":"21.07.2022"
 }
]

[2022-07-21 12:39:01,391] [ERROR] - GoldenEye: syntax error: line 1, column 0
Traceback (most recent call last):
  File "/home/andrii/MyProjects/Flask/Practice Flask/Урок 13/013_Samples/controllers.py", line 81, in _update_all
    self._update_rate(rate.from_currency, rate.to_currency)
  File "/home/andrii/MyProjects/Flask/Practice Flask/Урок 13/013_Samples/controllers.py", line 75, in _update_rate
    api.update_rate(from_currency, to_currency)
  File "/home/andrii/MyProjects/Flask/Practice Flask/Урок 13/013_Samples/api/__init__.py", line 18, in update_rate
    module.Api().update_rate(xrate)
  File "/home/andrii/MyProjects/Flask/Practice Flask/Урок 13/013_Samples/api/__init__.py", line 29, in update_rate
    xrate.rate = self._update_rate(xrate)
  File "/home/andrii/MyProjects/Flask/Practice Flask/Урок 13/013_Samples/api/cbr_api.py", line 11, in _update_rate
    rate = self._get_cbr_rate(xrate.from_currency)
  File "/home/andrii/MyProjects/Flask/Practice Flask/Урок 13/013_Samples/api/cbr_api.py", line 19, in _get_cbr_rate
    rate = self._find_rate(response_text, from_currency)
  File "/home/andrii/MyProjects/Flask/Practice Flask/Урок 13/013_Samples/api/cbr_api.py", line 24, in _find_rate
    root = ET.fromstring(response_text)
  File "/usr/lib/python3.8/xml/etree/ElementTree.py", line 1320, in XML
    parser.feed(text)
xml.etree.ElementTree.ParseError: syntax error: line 1, column 0
[2022-07-21 12:39:01,394] [INFO] - PrivatApi: Started update for: XRate(1000=>840): 24098.8879
[2022-07-21 12:39:01,394] [DEBUG] - PrivatApi: rate before: XRate(1000=>840): 24098.8879
[2022-07-21 12:39:01,679] [DEBUG] - PrivatApi: Privat response: [{'ccy': 'USD', 'base_ccy': 'UAH', 'buy': '36.56860', 'sale': '36.90037'}, {'ccy': 'EUR', 'base_ccy': 'UAH', 'buy': '37.33000', 'sale': '37.73585'}, {'ccy': 'RUR', 'base_ccy': 'UAH', 'buy': '0.32000', 'sale': '0.35001'}, {'ccy': 'BTC', 'base_ccy': 'USD', 'buy': '21833.3760', 'sale': '24131.6262'}]
[2022-07-21 12:39:01,683] [DEBUG] - PrivatApi: rate after: XRate(1000=>840): 24131.6262
[2022-07-21 12:39:01,683] [INFO] - PrivatApi: Finished update for: XRate(1000=>840): 24131.6262
[2022-07-21 12:39:01,685] [INFO] - CryptonatorApi: Started update for: XRate(1000=>980): 104432.97982648
[2022-07-21 12:39:01,685] [DEBUG] - CryptonatorApi: rate before: XRate(1000=>980): 104432.97982648
[2022-07-21 12:39:01,925] [ERROR] - GoldenEye: Expecting value: line 1 column 1 (char 0)
Traceback (most recent call last):
  File "/home/andrii/MyProjects/Flask/Practice Flask/Урок 13/013_Samples/controllers.py", line 81, in _update_all
    self._update_rate(rate.from_currency, rate.to_currency)
  File "/home/andrii/MyProjects/Flask/Practice Flask/Урок 13/013_Samples/controllers.py", line 75, in _update_rate
    api.update_rate(from_currency, to_currency)
  File "/home/andrii/MyProjects/Flask/Practice Flask/Урок 13/013_Samples/api/__init__.py", line 18, in update_rate
    module.Api().update_rate(xrate)
  File "/home/andrii/MyProjects/Flask/Practice Flask/Урок 13/013_Samples/api/__init__.py", line 29, in update_rate
    xrate.rate = self._update_rate(xrate)
  File "/home/andrii/MyProjects/Flask/Practice Flask/Урок 13/013_Samples/api/cryptonator_api.py", line 11, in _update_rate
    rate = self._get_api_rate(xrate.from_currency, xrate.to_currency)
  File "/home/andrii/MyProjects/Flask/Practice Flask/Урок 13/013_Samples/api/cryptonator_api.py", line 26, in _get_api_rate
    response_json = response.json()
  File "/usr/lib/python3/dist-packages/requests/models.py", line 897, in json
    return complexjson.loads(self.text, **kwargs)
  File "/usr/lib/python3/dist-packages/simplejson/__init__.py", line 518, in loads
    return _default_decoder.decode(s)
  File "/usr/lib/python3/dist-packages/simplejson/decoder.py", line 370, in decode
    obj, end = self.raw_decode(s)
  File "/usr/lib/python3/dist-packages/simplejson/decoder.py", line 400, in raw_decode
    return self.scan_once(s, idx=_w(s, idx).end())
simplejson.errors.JSONDecodeError: Expecting value: line 1 column 1 (char 0)
[2022-07-21 12:39:01,928] [INFO] - CryptonatorApi: Started update for: XRate(1000=>643): 260998.00181464
[2022-07-21 12:39:01,928] [DEBUG] - CryptonatorApi: rate before: XRate(1000=>643): 260998.00181464
[2022-07-21 12:39:02,446] [ERROR] - GoldenEye: Expecting value: line 1 column 1 (char 0)
Traceback (most recent call last):
  File "/home/andrii/MyProjects/Flask/Practice Flask/Урок 13/013_Samples/controllers.py", line 81, in _update_all
    self._update_rate(rate.from_currency, rate.to_currency)
  File "/home/andrii/MyProjects/Flask/Practice Flask/Урок 13/013_Samples/controllers.py", line 75, in _update_rate
    api.update_rate(from_currency, to_currency)
  File "/home/andrii/MyProjects/Flask/Practice Flask/Урок 13/013_Samples/api/__init__.py", line 18, in update_rate
    module.Api().update_rate(xrate)
  File "/home/andrii/MyProjects/Flask/Practice Flask/Урок 13/013_Samples/api/__init__.py", line 29, in update_rate
    xrate.rate = self._update_rate(xrate)
  File "/home/andrii/MyProjects/Flask/Practice Flask/Урок 13/013_Samples/api/cryptonator_api.py", line 11, in _update_rate
    rate = self._get_api_rate(xrate.from_currency, xrate.to_currency)
  File "/home/andrii/MyProjects/Flask/Practice Flask/Урок 13/013_Samples/api/cryptonator_api.py", line 26, in _get_api_rate
    response_json = response.json()
  File "/usr/lib/python3/dist-packages/requests/models.py", line 897, in json
    return complexjson.loads(self.text, **kwargs)
  File "/usr/lib/python3/dist-packages/simplejson/__init__.py", line 518, in loads
    return _default_decoder.decode(s)
  File "/usr/lib/python3/dist-packages/simplejson/decoder.py", line 370, in decode
    obj, end = self.raw_decode(s)
  File "/usr/lib/python3/dist-packages/simplejson/decoder.py", line 400, in raw_decode
    return self.scan_once(s, idx=_w(s, idx).end())
simplejson.errors.JSONDecodeError: Expecting value: line 1 column 1 (char 0)
[2022-07-21 12:39:02,456] [INFO] - GoldenEye: Started ViewAllRates
[2022-07-21 12:39:04,086] [INFO] - GoldenEye: Started UpdateRates
[2022-07-21 12:39:04,087] [INFO] - PrivatApi: Started update for: XRate(840=>980): 36.90037
[2022-07-21 12:39:04,087] [DEBUG] - PrivatApi: rate before: XRate(840=>980): 36.90037
[2022-07-21 12:39:04,358] [DEBUG] - PrivatApi: Privat response: [{'ccy': 'USD', 'base_ccy': 'UAH', 'buy': '36.56860', 'sale': '36.90037'}, {'ccy': 'EUR', 'base_ccy': 'UAH', 'buy': '37.33000', 'sale': '37.73585'}, {'ccy': 'RUR', 'base_ccy': 'UAH', 'buy': '0.32000', 'sale': '0.35001'}, {'ccy': 'BTC', 'base_ccy': 'USD', 'buy': '21833.3760', 'sale': '24131.6262'}]
[2022-07-21 12:39:04,362] [DEBUG] - PrivatApi: rate after: XRate(840=>980): 36.90037
[2022-07-21 12:39:04,362] [INFO] - PrivatApi: Finished update for: XRate(840=>980): 36.90037
[2022-07-21 12:39:04,362] [INFO] - CbrApi: Started update for: XRate(840=>643): 64.5925
[2022-07-21 12:39:04,362] [DEBUG] - CbrApi: rate before: XRate(840=>643): 64.5925
[2022-07-21 12:39:04,576] [DEBUG] - CbrApi: response.encoding: utf-8
[2022-07-21 12:39:04,576] [DEBUG] - CbrApi: response.text: [
{ 
"r030":36,"txt":"Австралійський долар","rate":20.183,"cc":"AUD","exchangedate":"21.07.2022"
 }
,{ 
"r030":124,"txt":"Канадський долар","rate":22.7125,"cc":"CAD","exchangedate":"21.07.2022"
 }
,{ 
"r030":156,"txt":"Юань Женьміньбі","rate":4.3309,"cc":"CNY","exchangedate":"21.07.2022"
 }
,{ 
"r030":191,"txt":"Куна","rate":3.9669,"cc":"HRK","exchangedate":"21.07.2022"
 }
,{ 
"r030":203,"txt":"Чеська крона","rate":1.217,"cc":"CZK","exchangedate":"21.07.2022"
 }
,{ 
"r030":208,"txt":"Данська крона","rate":4.0039,"cc":"DKK","exchangedate":"21.07.2022"
 }
,{ 
"r030":344,"txt":"Гонконгівський долар","rate":3.7267,"cc":"HKD","exchangedate":"21.07.2022"
 }
,{ 
"r030":348,"txt":"Форинт","rate":0.07452,"cc":"HUF","exchangedate":"21.07.2022"
 }
,{ 
"r030":356,"txt":"Індійська рупія","rate":0.36547,"cc":"INR","exchangedate":"21.07.2022"
 }
,{ 
"r030":360,"txt":"Рупія","rate":0.0019516,"cc":"IDR","exchangedate":"21.07.2022"
 }
,{ 
"r030":376,"txt":"Новий ізраїльський шекель","rate":8.4797,"cc":"ILS","exchangedate":"21.07.2022"
 }
,{ 
"r030":392,"txt":"Єна","rate":0.21175,"cc":"JPY","exchangedate":"21.07.2022"
 }
,{ 
"r030":398,"txt":"Теньге","rate":0.06075,"cc":"KZT","exchangedate":"21.07.2022"
 }
,{ 
"r030":410,"txt":"Вона","rate":0.022277,"cc":"KRW","exchangedate":"21.07.2022"
 }
,{ 
"r030":484,"txt":"Мексиканське песо","rate":1.4265,"cc":"MXN","exchangedate":"21.07.2022"
 }
,{ 
"r030":498,"txt":"Молдовський лей","rate":1.5147,"cc":"MDL","exchangedate":"21.07.2022"
 }
,{ 
"r030":554,"txt":"Новозеландський долар","rate":18.2755,"cc":"NZD","exchangedate":"21.07.2022"
 }
,{ 
"r030":578,"txt":"Норвезька крона","rate":2.9417,"cc":"NOK","exchangedate":"21.07.2022"
 }
,{ 
"r030":643,"txt":"Російський рубль","rate":0.53041,"cc":"RUB","exchangedate":"21.07.2022"
 }
,{ 
"r030":702,"txt":"Сінгапурський долар","rate":20.9968,"cc":"SGD","exchangedate":"21.07.2022"
 }
,{ 
"r030":710,"txt":"Ренд","rate":1.7136,"cc":"ZAR","exchangedate":"21.07.2022"
 }
,{ 
"r030":752,"txt":"Шведська крона","rate":2.8493,"cc":"SEK","exchangedate":"21.07.2022"
 }
,{ 
"r030":756,"txt":"Швейцарський франк","rate":30.1535,"cc":"CHF","exchangedate":"21.07.2022"
 }
,{ 
"r030":818,"txt":"Єгипетський фунт","rate":1.5451,"cc":"EGP","exchangedate":"21.07.2022"
 }
,{ 
"r030":826,"txt":"Фунт стерлінгів","rate":35.0225,"cc":"GBP","exchangedate":"21.07.2022"
 }
,{ 
"r030":840,"txt":"Долар США","rate":36.5686,"cc":"USD","exchangedate":"21.07.2022"
 }
,{ 
"r030":933,"txt":"Білоруський рубль","rate":10.6335,"cc":"BYN","exchangedate":"21.07.2022"
 }
,{ 
"r030":944,"txt":"Азербайджанський манат","rate":17.2646,"cc":"AZN","exchangedate":"21.07.2022"
 }
,{ 
"r030":946,"txt":"Румунський лей","rate":6.0343,"cc":"RON","exchangedate":"21.07.2022"
 }
,{ 
"r030":949,"txt":"Турецька ліра","rate":1.6627,"cc":"TRY","exchangedate":"21.07.2022"
 }
,{ 
"r030":960,"txt":"СПЗ (спеціальні права запозичення)","rate":38.5042,"cc":"XDR","exchangedate":"21.07.2022"
 }
,{ 
"r030":975,"txt":"Болгарський лев","rate":15.2401,"cc":"BGN","exchangedate":"21.07.2022"
 }
,{ 
"r030":978,"txt":"Євро","rate":29.8064,"cc":"EUR","exchangedate":"21.07.2022"
 }
,{ 
"r030":985,"txt":"Злотий","rate":6.2313,"cc":"PLN","exchangedate":"21.07.2022"
 }
,{ 
"r030":12,"txt":"Алжирський динар","rate":0.19974,"cc":"DZD","exchangedate":"21.07.2022"
 }
,{ 
"r030":50,"txt":"Така","rate":0.31305,"cc":"BDT","exchangedate":"21.07.2022"
 }
,{ 
"r030":51,"txt":"Вірменський драм","rate":0.071842,"cc":"AMD","exchangedate":"21.07.2022"
 }
,{ 
"r030":214,"txt":"Домініканське песо","rate":0.53468,"cc":"DOP","exchangedate":"21.07.2022"
 }
,{ 
"r030":364,"txt":"Іранський ріал","rate":0.00069655,"cc":"IRR","exchangedate":"21.07.2022"
 }
,{ 
"r030":368,"txt":"Іракський динар","rate":0.020038,"cc":"IQD","exchangedate":"21.07.2022"
 }
,{ 
"r030":417,"txt":"Сом","rate":0.36799,"cc":"KGS","exchangedate":"21.07.2022"
 }
,{ 
"r030":422,"txt":"Ліванський фунт","rate":0.019406,"cc":"LBP","exchangedate":"21.07.2022"
 }
,{ 
"r030":434,"txt":"Лівійський динар","rate":6.0549,"cc":"LYD","exchangedate":"21.07.2022"
 }
,{ 
"r030":458,"txt":"Малайзійський ринггіт","rate":6.6357,"cc":"MYR","exchangedate":"21.07.2022"
 }
,{ 
"r030":504,"txt":"Марокканський дирхам","rate":2.8798,"cc":"MAD","exchangedate":"21.07.2022"
 }
,{ 
"r030":586,"txt":"Пакистанська рупія","rate":0.14291,"cc":"PKR","exchangedate":"21.07.2022"
 }
,{ 
"r030":682,"txt":"Саудівський ріял","rate":7.7961,"cc":"SAR","exchangedate":"21.07.2022"
 }
,{ 
"r030":704,"txt":"Донг","rate":0.0012565,"cc":"VND","exchangedate":"21.07.2022"
 }
,{ 
"r030":764,"txt":"Бат","rate":0.82706,"cc":"THB","exchangedate":"21.07.2022"
 }
,{ 
"r030":784,"txt":"Дирхам ОАЕ","rate":7.9649,"cc":"AED","exchangedate":"21.07.2022"
 }
,{ 
"r030":788,"txt":"Туніський динар","rate":9.388,"cc":"TND","exchangedate":"21.07.2022"
 }
,{ 
"r030":860,"txt":"Узбецький сум","rate":0.0026923,"cc":"UZS","exchangedate":"21.07.2022"
 }
,{ 
"r030":901,"txt":"Новий тайванський долар","rate":0.98362,"cc":"TWD","exchangedate":"21.07.2022"
 }
,{ 
"r030":934,"txt":"Туркменський новий манат","rate":8.3585,"cc":"TMT","exchangedate":"21.07.2022"
 }
,{ 
"r030":941,"txt":"Сербський динар","rate":0.25896,"cc":"RSD","exchangedate":"21.07.2022"
 }
,{ 
"r030":972,"txt":"Сомоні","rate":2.7709,"cc":"TJS","exchangedate":"21.07.2022"
 }
,{ 
"r030":981,"txt":"Ларі","rate":9.9931,"cc":"GEL","exchangedate":"21.07.2022"
 }
,{ 
"r030":986,"txt":"Бразильський реал","rate":5.6474,"cc":"BRL","exchangedate":"21.07.2022"
 }
,{ 
"r030":959,"txt":"Золото","rate":49965.03,"cc":"XAU","exchangedate":"21.07.2022"
 }
,{ 
"r030":961,"txt":"Срібло","rate":549.31,"cc":"XAG","exchangedate":"21.07.2022"
 }
,{ 
"r030":962,"txt":"Платина","rate":25645.14,"cc":"XPT","exchangedate":"21.07.2022"
 }
,{ 
"r030":964,"txt":"Паладій","rate":54548.98,"cc":"XPD","exchangedate":"21.07.2022"
 }
]

[2022-07-21 12:39:04,576] [ERROR] - GoldenEye: syntax error: line 1, column 0
Traceback (most recent call last):
  File "/home/andrii/MyProjects/Flask/Practice Flask/Урок 13/013_Samples/controllers.py", line 81, in _update_all
    self._update_rate(rate.from_currency, rate.to_currency)
  File "/home/andrii/MyProjects/Flask/Practice Flask/Урок 13/013_Samples/controllers.py", line 75, in _update_rate
    api.update_rate(from_currency, to_currency)
  File "/home/andrii/MyProjects/Flask/Practice Flask/Урок 13/013_Samples/api/__init__.py", line 18, in update_rate
    module.Api().update_rate(xrate)
  File "/home/andrii/MyProjects/Flask/Practice Flask/Урок 13/013_Samples/api/__init__.py", line 29, in update_rate
    xrate.rate = self._update_rate(xrate)
  File "/home/andrii/MyProjects/Flask/Practice Flask/Урок 13/013_Samples/api/cbr_api.py", line 11, in _update_rate
    rate = self._get_cbr_rate(xrate.from_currency)
  File "/home/andrii/MyProjects/Flask/Practice Flask/Урок 13/013_Samples/api/cbr_api.py", line 19, in _get_cbr_rate
    rate = self._find_rate(response_text, from_currency)
  File "/home/andrii/MyProjects/Flask/Practice Flask/Урок 13/013_Samples/api/cbr_api.py", line 24, in _find_rate
    root = ET.fromstring(response_text)
  File "/usr/lib/python3.8/xml/etree/ElementTree.py", line 1320, in XML
    parser.feed(text)
xml.etree.ElementTree.ParseError: syntax error: line 1, column 0
[2022-07-21 12:39:04,578] [INFO] - PrivatApi: Started update for: XRate(1000=>840): 24131.6262
[2022-07-21 12:39:04,578] [DEBUG] - PrivatApi: rate before: XRate(1000=>840): 24131.6262
[2022-07-21 12:39:04,859] [DEBUG] - PrivatApi: Privat response: [{'ccy': 'USD', 'base_ccy': 'UAH', 'buy': '36.56860', 'sale': '36.90037'}, {'ccy': 'EUR', 'base_ccy': 'UAH', 'buy': '37.33000', 'sale': '37.73585'}, {'ccy': 'RUR', 'base_ccy': 'UAH', 'buy': '0.32000', 'sale': '0.35001'}, {'ccy': 'BTC', 'base_ccy': 'USD', 'buy': '21833.3760', 'sale': '24131.6262'}]
[2022-07-21 12:39:04,863] [DEBUG] - PrivatApi: rate after: XRate(1000=>840): 24131.6262
[2022-07-21 12:39:04,864] [INFO] - PrivatApi: Finished update for: XRate(1000=>840): 24131.6262
[2022-07-21 12:39:04,865] [INFO] - CryptonatorApi: Started update for: XRate(1000=>980): 104432.97982648
[2022-07-21 12:39:04,865] [DEBUG] - CryptonatorApi: rate before: XRate(1000=>980): 104432.97982648
[2022-07-21 12:39:05,067] [ERROR] - GoldenEye: Expecting value: line 1 column 1 (char 0)
Traceback (most recent call last):
  File "/home/andrii/MyProjects/Flask/Practice Flask/Урок 13/013_Samples/controllers.py", line 81, in _update_all
    self._update_rate(rate.from_currency, rate.to_currency)
  File "/home/andrii/MyProjects/Flask/Practice Flask/Урок 13/013_Samples/controllers.py", line 75, in _update_rate
    api.update_rate(from_currency, to_currency)
  File "/home/andrii/MyProjects/Flask/Practice Flask/Урок 13/013_Samples/api/__init__.py", line 18, in update_rate
    module.Api().update_rate(xrate)
  File "/home/andrii/MyProjects/Flask/Practice Flask/Урок 13/013_Samples/api/__init__.py", line 29, in update_rate
    xrate.rate = self._update_rate(xrate)
  File "/home/andrii/MyProjects/Flask/Practice Flask/Урок 13/013_Samples/api/cryptonator_api.py", line 11, in _update_rate
    rate = self._get_api_rate(xrate.from_currency, xrate.to_currency)
  File "/home/andrii/MyProjects/Flask/Practice Flask/Урок 13/013_Samples/api/cryptonator_api.py", line 26, in _get_api_rate
    response_json = response.json()
  File "/usr/lib/python3/dist-packages/requests/models.py", line 897, in json
    return complexjson.loads(self.text, **kwargs)
  File "/usr/lib/python3/dist-packages/simplejson/__init__.py", line 518, in loads
    return _default_decoder.decode(s)
  File "/usr/lib/python3/dist-packages/simplejson/decoder.py", line 370, in decode
    obj, end = self.raw_decode(s)
  File "/usr/lib/python3/dist-packages/simplejson/decoder.py", line 400, in raw_decode
    return self.scan_once(s, idx=_w(s, idx).end())
simplejson.errors.JSONDecodeError: Expecting value: line 1 column 1 (char 0)
[2022-07-21 12:39:05,069] [INFO] - CryptonatorApi: Started update for: XRate(1000=>643): 260998.00181464
[2022-07-21 12:39:05,070] [DEBUG] - CryptonatorApi: rate before: XRate(1000=>643): 260998.00181464
[2022-07-21 12:39:05,347] [ERROR] - GoldenEye: Expecting value: line 1 column 1 (char 0)
Traceback (most recent call last):
  File "/home/andrii/MyProjects/Flask/Practice Flask/Урок 13/013_Samples/controllers.py", line 81, in _update_all
    self._update_rate(rate.from_currency, rate.to_currency)
  File "/home/andrii/MyProjects/Flask/Practice Flask/Урок 13/013_Samples/controllers.py", line 75, in _update_rate
    api.update_rate(from_currency, to_currency)
  File "/home/andrii/MyProjects/Flask/Practice Flask/Урок 13/013_Samples/api/__init__.py", line 18, in update_rate
    module.Api().update_rate(xrate)
  File "/home/andrii/MyProjects/Flask/Practice Flask/Урок 13/013_Samples/api/__init__.py", line 29, in update_rate
    xrate.rate = self._update_rate(xrate)
  File "/home/andrii/MyProjects/Flask/Practice Flask/Урок 13/013_Samples/api/cryptonator_api.py", line 11, in _update_rate
    rate = self._get_api_rate(xrate.from_currency, xrate.to_currency)
  File "/home/andrii/MyProjects/Flask/Practice Flask/Урок 13/013_Samples/api/cryptonator_api.py", line 26, in _get_api_rate
    response_json = response.json()
  File "/usr/lib/python3/dist-packages/requests/models.py", line 897, in json
    return complexjson.loads(self.text, **kwargs)
  File "/usr/lib/python3/dist-packages/simplejson/__init__.py", line 518, in loads
    return _default_decoder.decode(s)
  File "/usr/lib/python3/dist-packages/simplejson/decoder.py", line 370, in decode
    obj, end = self.raw_decode(s)
  File "/usr/lib/python3/dist-packages/simplejson/decoder.py", line 400, in raw_decode
    return self.scan_once(s, idx=_w(s, idx).end())
simplejson.errors.JSONDecodeError: Expecting value: line 1 column 1 (char 0)
[2022-07-21 12:39:05,356] [INFO] - GoldenEye: Started ViewAllRates
[2022-07-21 12:39:09,132] [INFO] - GoldenEye: Started UpdateRates
[2022-07-21 12:39:09,133] [INFO] - CbrApi: Started update for: XRate(840=>643): 64.5925
[2022-07-21 12:39:09,133] [DEBUG] - CbrApi: rate before: XRate(840=>643): 64.5925
[2022-07-21 12:39:09,371] [DEBUG] - CbrApi: response.encoding: utf-8
[2022-07-21 12:39:09,371] [DEBUG] - CbrApi: response.text: [
{ 
"r030":36,"txt":"Австралійський долар","rate":20.183,"cc":"AUD","exchangedate":"21.07.2022"
 }
,{ 
"r030":124,"txt":"Канадський долар","rate":22.7125,"cc":"CAD","exchangedate":"21.07.2022"
 }
,{ 
"r030":156,"txt":"Юань Женьміньбі","rate":4.3309,"cc":"CNY","exchangedate":"21.07.2022"
 }
,{ 
"r030":191,"txt":"Куна","rate":3.9669,"cc":"HRK","exchangedate":"21.07.2022"
 }
,{ 
"r030":203,"txt":"Чеська крона","rate":1.217,"cc":"CZK","exchangedate":"21.07.2022"
 }
,{ 
"r030":208,"txt":"Данська крона","rate":4.0039,"cc":"DKK","exchangedate":"21.07.2022"
 }
,{ 
"r030":344,"txt":"Гонконгівський долар","rate":3.7267,"cc":"HKD","exchangedate":"21.07.2022"
 }
,{ 
"r030":348,"txt":"Форинт","rate":0.07452,"cc":"HUF","exchangedate":"21.07.2022"
 }
,{ 
"r030":356,"txt":"Індійська рупія","rate":0.36547,"cc":"INR","exchangedate":"21.07.2022"
 }
,{ 
"r030":360,"txt":"Рупія","rate":0.0019516,"cc":"IDR","exchangedate":"21.07.2022"
 }
,{ 
"r030":376,"txt":"Новий ізраїльський шекель","rate":8.4797,"cc":"ILS","exchangedate":"21.07.2022"
 }
,{ 
"r030":392,"txt":"Єна","rate":0.21175,"cc":"JPY","exchangedate":"21.07.2022"
 }
,{ 
"r030":398,"txt":"Теньге","rate":0.06075,"cc":"KZT","exchangedate":"21.07.2022"
 }
,{ 
"r030":410,"txt":"Вона","rate":0.022277,"cc":"KRW","exchangedate":"21.07.2022"
 }
,{ 
"r030":484,"txt":"Мексиканське песо","rate":1.4265,"cc":"MXN","exchangedate":"21.07.2022"
 }
,{ 
"r030":498,"txt":"Молдовський лей","rate":1.5147,"cc":"MDL","exchangedate":"21.07.2022"
 }
,{ 
"r030":554,"txt":"Новозеландський долар","rate":18.2755,"cc":"NZD","exchangedate":"21.07.2022"
 }
,{ 
"r030":578,"txt":"Норвезька крона","rate":2.9417,"cc":"NOK","exchangedate":"21.07.2022"
 }
,{ 
"r030":643,"txt":"Російський рубль","rate":0.53041,"cc":"RUB","exchangedate":"21.07.2022"
 }
,{ 
"r030":702,"txt":"Сінгапурський долар","rate":20.9968,"cc":"SGD","exchangedate":"21.07.2022"
 }
,{ 
"r030":710,"txt":"Ренд","rate":1.7136,"cc":"ZAR","exchangedate":"21.07.2022"
 }
,{ 
"r030":752,"txt":"Шведська крона","rate":2.8493,"cc":"SEK","exchangedate":"21.07.2022"
 }
,{ 
"r030":756,"txt":"Швейцарський франк","rate":30.1535,"cc":"CHF","exchangedate":"21.07.2022"
 }
,{ 
"r030":818,"txt":"Єгипетський фунт","rate":1.5451,"cc":"EGP","exchangedate":"21.07.2022"
 }
,{ 
"r030":826,"txt":"Фунт стерлінгів","rate":35.0225,"cc":"GBP","exchangedate":"21.07.2022"
 }
,{ 
"r030":840,"txt":"Долар США","rate":36.5686,"cc":"USD","exchangedate":"21.07.2022"
 }
,{ 
"r030":933,"txt":"Білоруський рубль","rate":10.6335,"cc":"BYN","exchangedate":"21.07.2022"
 }
,{ 
"r030":944,"txt":"Азербайджанський манат","rate":17.2646,"cc":"AZN","exchangedate":"21.07.2022"
 }
,{ 
"r030":946,"txt":"Румунський лей","rate":6.0343,"cc":"RON","exchangedate":"21.07.2022"
 }
,{ 
"r030":949,"txt":"Турецька ліра","rate":1.6627,"cc":"TRY","exchangedate":"21.07.2022"
 }
,{ 
"r030":960,"txt":"СПЗ (спеціальні права запозичення)","rate":38.5042,"cc":"XDR","exchangedate":"21.07.2022"
 }
,{ 
"r030":975,"txt":"Болгарський лев","rate":15.2401,"cc":"BGN","exchangedate":"21.07.2022"
 }
,{ 
"r030":978,"txt":"Євро","rate":29.8064,"cc":"EUR","exchangedate":"21.07.2022"
 }
,{ 
"r030":985,"txt":"Злотий","rate":6.2313,"cc":"PLN","exchangedate":"21.07.2022"
 }
,{ 
"r030":12,"txt":"Алжирський динар","rate":0.19974,"cc":"DZD","exchangedate":"21.07.2022"
 }
,{ 
"r030":50,"txt":"Така","rate":0.31305,"cc":"BDT","exchangedate":"21.07.2022"
 }
,{ 
"r030":51,"txt":"Вірменський драм","rate":0.071842,"cc":"AMD","exchangedate":"21.07.2022"
 }
,{ 
"r030":214,"txt":"Домініканське песо","rate":0.53468,"cc":"DOP","exchangedate":"21.07.2022"
 }
,{ 
"r030":364,"txt":"Іранський ріал","rate":0.00069655,"cc":"IRR","exchangedate":"21.07.2022"
 }
,{ 
"r030":368,"txt":"Іракський динар","rate":0.020038,"cc":"IQD","exchangedate":"21.07.2022"
 }
,{ 
"r030":417,"txt":"Сом","rate":0.36799,"cc":"KGS","exchangedate":"21.07.2022"
 }
,{ 
"r030":422,"txt":"Ліванський фунт","rate":0.019406,"cc":"LBP","exchangedate":"21.07.2022"
 }
,{ 
"r030":434,"txt":"Лівійський динар","rate":6.0549,"cc":"LYD","exchangedate":"21.07.2022"
 }
,{ 
"r030":458,"txt":"Малайзійський ринггіт","rate":6.6357,"cc":"MYR","exchangedate":"21.07.2022"
 }
,{ 
"r030":504,"txt":"Марокканський дирхам","rate":2.8798,"cc":"MAD","exchangedate":"21.07.2022"
 }
,{ 
"r030":586,"txt":"Пакистанська рупія","rate":0.14291,"cc":"PKR","exchangedate":"21.07.2022"
 }
,{ 
"r030":682,"txt":"Саудівський ріял","rate":7.7961,"cc":"SAR","exchangedate":"21.07.2022"
 }
,{ 
"r030":704,"txt":"Донг","rate":0.0012565,"cc":"VND","exchangedate":"21.07.2022"
 }
,{ 
"r030":764,"txt":"Бат","rate":0.82706,"cc":"THB","exchangedate":"21.07.2022"
 }
,{ 
"r030":784,"txt":"Дирхам ОАЕ","rate":7.9649,"cc":"AED","exchangedate":"21.07.2022"
 }
,{ 
"r030":788,"txt":"Туніський динар","rate":9.388,"cc":"TND","exchangedate":"21.07.2022"
 }
,{ 
"r030":860,"txt":"Узбецький сум","rate":0.0026923,"cc":"UZS","exchangedate":"21.07.2022"
 }
,{ 
"r030":901,"txt":"Новий тайванський долар","rate":0.98362,"cc":"TWD","exchangedate":"21.07.2022"
 }
,{ 
"r030":934,"txt":"Туркменський новий манат","rate":8.3585,"cc":"TMT","exchangedate":"21.07.2022"
 }
,{ 
"r030":941,"txt":"Сербський динар","rate":0.25896,"cc":"RSD","exchangedate":"21.07.2022"
 }
,{ 
"r030":972,"txt":"Сомоні","rate":2.7709,"cc":"TJS","exchangedate":"21.07.2022"
 }
,{ 
"r030":981,"txt":"Ларі","rate":9.9931,"cc":"GEL","exchangedate":"21.07.2022"
 }
,{ 
"r030":986,"txt":"Бразильський реал","rate":5.6474,"cc":"BRL","exchangedate":"21.07.2022"
 }
,{ 
"r030":959,"txt":"Золото","rate":49965.03,"cc":"XAU","exchangedate":"21.07.2022"
 }
,{ 
"r030":961,"txt":"Срібло","rate":549.31,"cc":"XAG","exchangedate":"21.07.2022"
 }
,{ 
"r030":962,"txt":"Платина","rate":25645.14,"cc":"XPT","exchangedate":"21.07.2022"
 }
,{ 
"r030":964,"txt":"Паладій","rate":54548.98,"cc":"XPD","exchangedate":"21.07.2022"
 }
]

[2022-07-21 12:39:09,371] [ERROR] - GoldenEye: Error: syntax error: line 1, column 0
Traceback (most recent call last):
  File "/home/andrii/MyProjects/Flask/Practice Flask/Урок 13/013_Samples/controllers.py", line 16, in call
    return self._call(*args, **kwds)
  File "/home/andrii/MyProjects/Flask/Practice Flask/Урок 13/013_Samples/controllers.py", line 68, in _call
    self._update_rate(from_currency, to_currency)
  File "/home/andrii/MyProjects/Flask/Practice Flask/Урок 13/013_Samples/controllers.py", line 75, in _update_rate
    api.update_rate(from_currency, to_currency)
  File "/home/andrii/MyProjects/Flask/Practice Flask/Урок 13/013_Samples/api/__init__.py", line 18, in update_rate
    module.Api().update_rate(xrate)
  File "/home/andrii/MyProjects/Flask/Practice Flask/Урок 13/013_Samples/api/__init__.py", line 29, in update_rate
    xrate.rate = self._update_rate(xrate)
  File "/home/andrii/MyProjects/Flask/Practice Flask/Урок 13/013_Samples/api/cbr_api.py", line 11, in _update_rate
    rate = self._get_cbr_rate(xrate.from_currency)
  File "/home/andrii/MyProjects/Flask/Practice Flask/Урок 13/013_Samples/api/cbr_api.py", line 19, in _get_cbr_rate
    rate = self._find_rate(response_text, from_currency)
  File "/home/andrii/MyProjects/Flask/Practice Flask/Урок 13/013_Samples/api/cbr_api.py", line 24, in _find_rate
    root = ET.fromstring(response_text)
  File "/usr/lib/python3.8/xml/etree/ElementTree.py", line 1320, in XML
    parser.feed(text)
xml.etree.ElementTree.ParseError: syntax error: line 1, column 0
[2022-07-21 12:39:12,753] [INFO] - GoldenEye: Started UpdateRates
[2022-07-21 12:39:12,755] [INFO] - CryptonatorApi: Started update for: XRate(1000=>980): 104432.97982648
[2022-07-21 12:39:12,755] [DEBUG] - CryptonatorApi: rate before: XRate(1000=>980): 104432.97982648
[2022-07-21 12:39:12,975] [ERROR] - GoldenEye: Error: Expecting value: line 1 column 1 (char 0)
Traceback (most recent call last):
  File "/home/andrii/MyProjects/Flask/Practice Flask/Урок 13/013_Samples/controllers.py", line 16, in call
    return self._call(*args, **kwds)
  File "/home/andrii/MyProjects/Flask/Practice Flask/Урок 13/013_Samples/controllers.py", line 68, in _call
    self._update_rate(from_currency, to_currency)
  File "/home/andrii/MyProjects/Flask/Practice Flask/Урок 13/013_Samples/controllers.py", line 75, in _update_rate
    api.update_rate(from_currency, to_currency)
  File "/home/andrii/MyProjects/Flask/Practice Flask/Урок 13/013_Samples/api/__init__.py", line 18, in update_rate
    module.Api().update_rate(xrate)
  File "/home/andrii/MyProjects/Flask/Practice Flask/Урок 13/013_Samples/api/__init__.py", line 29, in update_rate
    xrate.rate = self._update_rate(xrate)
  File "/home/andrii/MyProjects/Flask/Practice Flask/Урок 13/013_Samples/api/cryptonator_api.py", line 11, in _update_rate
    rate = self._get_api_rate(xrate.from_currency, xrate.to_currency)
  File "/home/andrii/MyProjects/Flask/Practice Flask/Урок 13/013_Samples/api/cryptonator_api.py", line 26, in _get_api_rate
    response_json = response.json()
  File "/usr/lib/python3/dist-packages/requests/models.py", line 897, in json
    return complexjson.loads(self.text, **kwargs)
  File "/usr/lib/python3/dist-packages/simplejson/__init__.py", line 518, in loads
    return _default_decoder.decode(s)
  File "/usr/lib/python3/dist-packages/simplejson/decoder.py", line 370, in decode
    obj, end = self.raw_decode(s)
  File "/usr/lib/python3/dist-packages/simplejson/decoder.py", line 400, in raw_decode
    return self.scan_once(s, idx=_w(s, idx).end())
simplejson.errors.JSONDecodeError: Expecting value: line 1 column 1 (char 0)
[2022-07-21 12:39:16,647] [INFO] - GoldenEye: Started UpdateRates
[2022-07-21 12:39:16,649] [INFO] - CryptonatorApi: Started update for: XRate(1000=>643): 260998.00181464
[2022-07-21 12:39:16,649] [DEBUG] - CryptonatorApi: rate before: XRate(1000=>643): 260998.00181464
[2022-07-21 12:39:16,878] [ERROR] - GoldenEye: Error: Expecting value: line 1 column 1 (char 0)
Traceback (most recent call last):
  File "/home/andrii/MyProjects/Flask/Practice Flask/Урок 13/013_Samples/controllers.py", line 16, in call
    return self._call(*args, **kwds)
  File "/home/andrii/MyProjects/Flask/Practice Flask/Урок 13/013_Samples/controllers.py", line 68, in _call
    self._update_rate(from_currency, to_currency)
  File "/home/andrii/MyProjects/Flask/Practice Flask/Урок 13/013_Samples/controllers.py", line 75, in _update_rate
    api.update_rate(from_currency, to_currency)
  File "/home/andrii/MyProjects/Flask/Practice Flask/Урок 13/013_Samples/api/__init__.py", line 18, in update_rate
    module.Api().update_rate(xrate)
  File "/home/andrii/MyProjects/Flask/Practice Flask/Урок 13/013_Samples/api/__init__.py", line 29, in update_rate
    xrate.rate = self._update_rate(xrate)
  File "/home/andrii/MyProjects/Flask/Practice Flask/Урок 13/013_Samples/api/cryptonator_api.py", line 11, in _update_rate
    rate = self._get_api_rate(xrate.from_currency, xrate.to_currency)
  File "/home/andrii/MyProjects/Flask/Practice Flask/Урок 13/013_Samples/api/cryptonator_api.py", line 26, in _get_api_rate
    response_json = response.json()
  File "/usr/lib/python3/dist-packages/requests/models.py", line 897, in json
    return complexjson.loads(self.text, **kwargs)
  File "/usr/lib/python3/dist-packages/simplejson/__init__.py", line 518, in loads
    return _default_decoder.decode(s)
  File "/usr/lib/python3/dist-packages/simplejson/decoder.py", line 370, in decode
    obj, end = self.raw_decode(s)
  File "/usr/lib/python3/dist-packages/simplejson/decoder.py", line 400, in raw_decode
    return self.scan_once(s, idx=_w(s, idx).end())
simplejson.errors.JSONDecodeError: Expecting value: line 1 column 1 (char 0)
[2022-07-21 12:39:21,793] [INFO] - GoldenEye: Started UpdateRates
[2022-07-21 12:39:21,796] [INFO] - CbrApi: Started update for: XRate(840=>643): 64.5925
[2022-07-21 12:39:21,796] [DEBUG] - CbrApi: rate before: XRate(840=>643): 64.5925
[2022-07-21 12:39:22,048] [DEBUG] - CbrApi: response.encoding: utf-8
[2022-07-21 12:39:22,048] [DEBUG] - CbrApi: response.text: [
{ 
"r030":36,"txt":"Австралійський долар","rate":20.183,"cc":"AUD","exchangedate":"21.07.2022"
 }
,{ 
"r030":124,"txt":"Канадський долар","rate":22.7125,"cc":"CAD","exchangedate":"21.07.2022"
 }
,{ 
"r030":156,"txt":"Юань Женьміньбі","rate":4.3309,"cc":"CNY","exchangedate":"21.07.2022"
 }
,{ 
"r030":191,"txt":"Куна","rate":3.9669,"cc":"HRK","exchangedate":"21.07.2022"
 }
,{ 
"r030":203,"txt":"Чеська крона","rate":1.217,"cc":"CZK","exchangedate":"21.07.2022"
 }
,{ 
"r030":208,"txt":"Данська крона","rate":4.0039,"cc":"DKK","exchangedate":"21.07.2022"
 }
,{ 
"r030":344,"txt":"Гонконгівський долар","rate":3.7267,"cc":"HKD","exchangedate":"21.07.2022"
 }
,{ 
"r030":348,"txt":"Форинт","rate":0.07452,"cc":"HUF","exchangedate":"21.07.2022"
 }
,{ 
"r030":356,"txt":"Індійська рупія","rate":0.36547,"cc":"INR","exchangedate":"21.07.2022"
 }
,{ 
"r030":360,"txt":"Рупія","rate":0.0019516,"cc":"IDR","exchangedate":"21.07.2022"
 }
,{ 
"r030":376,"txt":"Новий ізраїльський шекель","rate":8.4797,"cc":"ILS","exchangedate":"21.07.2022"
 }
,{ 
"r030":392,"txt":"Єна","rate":0.21175,"cc":"JPY","exchangedate":"21.07.2022"
 }
,{ 
"r030":398,"txt":"Теньге","rate":0.06075,"cc":"KZT","exchangedate":"21.07.2022"
 }
,{ 
"r030":410,"txt":"Вона","rate":0.022277,"cc":"KRW","exchangedate":"21.07.2022"
 }
,{ 
"r030":484,"txt":"Мексиканське песо","rate":1.4265,"cc":"MXN","exchangedate":"21.07.2022"
 }
,{ 
"r030":498,"txt":"Молдовський лей","rate":1.5147,"cc":"MDL","exchangedate":"21.07.2022"
 }
,{ 
"r030":554,"txt":"Новозеландський долар","rate":18.2755,"cc":"NZD","exchangedate":"21.07.2022"
 }
,{ 
"r030":578,"txt":"Норвезька крона","rate":2.9417,"cc":"NOK","exchangedate":"21.07.2022"
 }
,{ 
"r030":643,"txt":"Російський рубль","rate":0.53041,"cc":"RUB","exchangedate":"21.07.2022"
 }
,{ 
"r030":702,"txt":"Сінгапурський долар","rate":20.9968,"cc":"SGD","exchangedate":"21.07.2022"
 }
,{ 
"r030":710,"txt":"Ренд","rate":1.7136,"cc":"ZAR","exchangedate":"21.07.2022"
 }
,{ 
"r030":752,"txt":"Шведська крона","rate":2.8493,"cc":"SEK","exchangedate":"21.07.2022"
 }
,{ 
"r030":756,"txt":"Швейцарський франк","rate":30.1535,"cc":"CHF","exchangedate":"21.07.2022"
 }
,{ 
"r030":818,"txt":"Єгипетський фунт","rate":1.5451,"cc":"EGP","exchangedate":"21.07.2022"
 }
,{ 
"r030":826,"txt":"Фунт стерлінгів","rate":35.0225,"cc":"GBP","exchangedate":"21.07.2022"
 }
,{ 
"r030":840,"txt":"Долар США","rate":36.5686,"cc":"USD","exchangedate":"21.07.2022"
 }
,{ 
"r030":933,"txt":"Білоруський рубль","rate":10.6335,"cc":"BYN","exchangedate":"21.07.2022"
 }
,{ 
"r030":944,"txt":"Азербайджанський манат","rate":17.2646,"cc":"AZN","exchangedate":"21.07.2022"
 }
,{ 
"r030":946,"txt":"Румунський лей","rate":6.0343,"cc":"RON","exchangedate":"21.07.2022"
 }
,{ 
"r030":949,"txt":"Турецька ліра","rate":1.6627,"cc":"TRY","exchangedate":"21.07.2022"
 }
,{ 
"r030":960,"txt":"СПЗ (спеціальні права запозичення)","rate":38.5042,"cc":"XDR","exchangedate":"21.07.2022"
 }
,{ 
"r030":975,"txt":"Болгарський лев","rate":15.2401,"cc":"BGN","exchangedate":"21.07.2022"
 }
,{ 
"r030":978,"txt":"Євро","rate":29.8064,"cc":"EUR","exchangedate":"21.07.2022"
 }
,{ 
"r030":985,"txt":"Злотий","rate":6.2313,"cc":"PLN","exchangedate":"21.07.2022"
 }
,{ 
"r030":12,"txt":"Алжирський динар","rate":0.19974,"cc":"DZD","exchangedate":"21.07.2022"
 }
,{ 
"r030":50,"txt":"Така","rate":0.31305,"cc":"BDT","exchangedate":"21.07.2022"
 }
,{ 
"r030":51,"txt":"Вірменський драм","rate":0.071842,"cc":"AMD","exchangedate":"21.07.2022"
 }
,{ 
"r030":214,"txt":"Домініканське песо","rate":0.53468,"cc":"DOP","exchangedate":"21.07.2022"
 }
,{ 
"r030":364,"txt":"Іранський ріал","rate":0.00069655,"cc":"IRR","exchangedate":"21.07.2022"
 }
,{ 
"r030":368,"txt":"Іракський динар","rate":0.020038,"cc":"IQD","exchangedate":"21.07.2022"
 }
,{ 
"r030":417,"txt":"Сом","rate":0.36799,"cc":"KGS","exchangedate":"21.07.2022"
 }
,{ 
"r030":422,"txt":"Ліванський фунт","rate":0.019406,"cc":"LBP","exchangedate":"21.07.2022"
 }
,{ 
"r030":434,"txt":"Лівійський динар","rate":6.0549,"cc":"LYD","exchangedate":"21.07.2022"
 }
,{ 
"r030":458,"txt":"Малайзійський ринггіт","rate":6.6357,"cc":"MYR","exchangedate":"21.07.2022"
 }
,{ 
"r030":504,"txt":"Марокканський дирхам","rate":2.8798,"cc":"MAD","exchangedate":"21.07.2022"
 }
,{ 
"r030":586,"txt":"Пакистанська рупія","rate":0.14291,"cc":"PKR","exchangedate":"21.07.2022"
 }
,{ 
"r030":682,"txt":"Саудівський ріял","rate":7.7961,"cc":"SAR","exchangedate":"21.07.2022"
 }
,{ 
"r030":704,"txt":"Донг","rate":0.0012565,"cc":"VND","exchangedate":"21.07.2022"
 }
,{ 
"r030":764,"txt":"Бат","rate":0.82706,"cc":"THB","exchangedate":"21.07.2022"
 }
,{ 
"r030":784,"txt":"Дирхам ОАЕ","rate":7.9649,"cc":"AED","exchangedate":"21.07.2022"
 }
,{ 
"r030":788,"txt":"Туніський динар","rate":9.388,"cc":"TND","exchangedate":"21.07.2022"
 }
,{ 
"r030":860,"txt":"Узбецький сум","rate":0.0026923,"cc":"UZS","exchangedate":"21.07.2022"
 }
,{ 
"r030":901,"txt":"Новий тайванський долар","rate":0.98362,"cc":"TWD","exchangedate":"21.07.2022"
 }
,{ 
"r030":934,"txt":"Туркменський новий манат","rate":8.3585,"cc":"TMT","exchangedate":"21.07.2022"
 }
,{ 
"r030":941,"txt":"Сербський динар","rate":0.25896,"cc":"RSD","exchangedate":"21.07.2022"
 }
,{ 
"r030":972,"txt":"Сомоні","rate":2.7709,"cc":"TJS","exchangedate":"21.07.2022"
 }
,{ 
"r030":981,"txt":"Ларі","rate":9.9931,"cc":"GEL","exchangedate":"21.07.2022"
 }
,{ 
"r030":986,"txt":"Бразильський реал","rate":5.6474,"cc":"BRL","exchangedate":"21.07.2022"
 }
,{ 
"r030":959,"txt":"Золото","rate":49965.03,"cc":"XAU","exchangedate":"21.07.2022"
 }
,{ 
"r030":961,"txt":"Срібло","rate":549.31,"cc":"XAG","exchangedate":"21.07.2022"
 }
,{ 
"r030":962,"txt":"Платина","rate":25645.14,"cc":"XPT","exchangedate":"21.07.2022"
 }
,{ 
"r030":964,"txt":"Паладій","rate":54548.98,"cc":"XPD","exchangedate":"21.07.2022"
 }
]

[2022-07-21 12:39:22,049] [ERROR] - GoldenEye: Error: syntax error: line 1, column 0
Traceback (most recent call last):
  File "/home/andrii/MyProjects/Flask/Practice Flask/Урок 13/013_Samples/controllers.py", line 16, in call
    return self._call(*args, **kwds)
  File "/home/andrii/MyProjects/Flask/Practice Flask/Урок 13/013_Samples/controllers.py", line 68, in _call
    self._update_rate(from_currency, to_currency)
  File "/home/andrii/MyProjects/Flask/Practice Flask/Урок 13/013_Samples/controllers.py", line 75, in _update_rate
    api.update_rate(from_currency, to_currency)
  File "/home/andrii/MyProjects/Flask/Practice Flask/Урок 13/013_Samples/api/__init__.py", line 18, in update_rate
    module.Api().update_rate(xrate)
  File "/home/andrii/MyProjects/Flask/Practice Flask/Урок 13/013_Samples/api/__init__.py", line 29, in update_rate
    xrate.rate = self._update_rate(xrate)
  File "/home/andrii/MyProjects/Flask/Practice Flask/Урок 13/013_Samples/api/cbr_api.py", line 11, in _update_rate
    rate = self._get_cbr_rate(xrate.from_currency)
  File "/home/andrii/MyProjects/Flask/Practice Flask/Урок 13/013_Samples/api/cbr_api.py", line 19, in _get_cbr_rate
    rate = self._find_rate(response_text, from_currency)
  File "/home/andrii/MyProjects/Flask/Practice Flask/Урок 13/013_Samples/api/cbr_api.py", line 24, in _find_rate
    root = ET.fromstring(response_text)
  File "/usr/lib/python3.8/xml/etree/ElementTree.py", line 1320, in XML
    parser.feed(text)
xml.etree.ElementTree.ParseError: syntax error: line 1, column 0
[2022-07-21 12:39:25,291] [INFO] - GoldenEye: Started UpdateRates
[2022-07-21 12:39:25,292] [INFO] - CryptonatorApi: Started update for: XRate(1000=>980): 104432.97982648
[2022-07-21 12:39:25,292] [DEBUG] - CryptonatorApi: rate before: XRate(1000=>980): 104432.97982648
[2022-07-21 12:39:25,534] [ERROR] - GoldenEye: Error: Expecting value: line 1 column 1 (char 0)
Traceback (most recent call last):
  File "/home/andrii/MyProjects/Flask/Practice Flask/Урок 13/013_Samples/controllers.py", line 16, in call
    return self._call(*args, **kwds)
  File "/home/andrii/MyProjects/Flask/Practice Flask/Урок 13/013_Samples/controllers.py", line 68, in _call
    self._update_rate(from_currency, to_currency)
  File "/home/andrii/MyProjects/Flask/Practice Flask/Урок 13/013_Samples/controllers.py", line 75, in _update_rate
    api.update_rate(from_currency, to_currency)
  File "/home/andrii/MyProjects/Flask/Practice Flask/Урок 13/013_Samples/api/__init__.py", line 18, in update_rate
    module.Api().update_rate(xrate)
  File "/home/andrii/MyProjects/Flask/Practice Flask/Урок 13/013_Samples/api/__init__.py", line 29, in update_rate
    xrate.rate = self._update_rate(xrate)
  File "/home/andrii/MyProjects/Flask/Practice Flask/Урок 13/013_Samples/api/cryptonator_api.py", line 11, in _update_rate
    rate = self._get_api_rate(xrate.from_currency, xrate.to_currency)
  File "/home/andrii/MyProjects/Flask/Practice Flask/Урок 13/013_Samples/api/cryptonator_api.py", line 26, in _get_api_rate
    response_json = response.json()
  File "/usr/lib/python3/dist-packages/requests/models.py", line 897, in json
    return complexjson.loads(self.text, **kwargs)
  File "/usr/lib/python3/dist-packages/simplejson/__init__.py", line 518, in loads
    return _default_decoder.decode(s)
  File "/usr/lib/python3/dist-packages/simplejson/decoder.py", line 370, in decode
    obj, end = self.raw_decode(s)
  File "/usr/lib/python3/dist-packages/simplejson/decoder.py", line 400, in raw_decode
    return self.scan_once(s, idx=_w(s, idx).end())
simplejson.errors.JSONDecodeError: Expecting value: line 1 column 1 (char 0)
[2022-07-21 12:39:28,777] [INFO] - GoldenEye: Started UpdateRates
[2022-07-21 12:39:28,780] [INFO] - CryptonatorApi: Started update for: XRate(1000=>643): 260998.00181464
[2022-07-21 12:39:28,780] [DEBUG] - CryptonatorApi: rate before: XRate(1000=>643): 260998.00181464
[2022-07-21 12:39:28,991] [ERROR] - GoldenEye: Error: Expecting value: line 1 column 1 (char 0)
Traceback (most recent call last):
  File "/home/andrii/MyProjects/Flask/Practice Flask/Урок 13/013_Samples/controllers.py", line 16, in call
    return self._call(*args, **kwds)
  File "/home/andrii/MyProjects/Flask/Practice Flask/Урок 13/013_Samples/controllers.py", line 68, in _call
    self._update_rate(from_currency, to_currency)
  File "/home/andrii/MyProjects/Flask/Practice Flask/Урок 13/013_Samples/controllers.py", line 75, in _update_rate
    api.update_rate(from_currency, to_currency)
  File "/home/andrii/MyProjects/Flask/Practice Flask/Урок 13/013_Samples/api/__init__.py", line 18, in update_rate
    module.Api().update_rate(xrate)
  File "/home/andrii/MyProjects/Flask/Practice Flask/Урок 13/013_Samples/api/__init__.py", line 29, in update_rate
    xrate.rate = self._update_rate(xrate)
  File "/home/andrii/MyProjects/Flask/Practice Flask/Урок 13/013_Samples/api/cryptonator_api.py", line 11, in _update_rate
    rate = self._get_api_rate(xrate.from_currency, xrate.to_currency)
  File "/home/andrii/MyProjects/Flask/Practice Flask/Урок 13/013_Samples/api/cryptonator_api.py", line 26, in _get_api_rate
    response_json = response.json()
  File "/usr/lib/python3/dist-packages/requests/models.py", line 897, in json
    return complexjson.loads(self.text, **kwargs)
  File "/usr/lib/python3/dist-packages/simplejson/__init__.py", line 518, in loads
    return _default_decoder.decode(s)
  File "/usr/lib/python3/dist-packages/simplejson/decoder.py", line 370, in decode
    obj, end = self.raw_decode(s)
  File "/usr/lib/python3/dist-packages/simplejson/decoder.py", line 400, in raw_decode
    return self.scan_once(s, idx=_w(s, idx).end())
simplejson.errors.JSONDecodeError: Expecting value: line 1 column 1 (char 0)
